0.887261
0.822955
0.962963
1.190883
1.422873
1.648351
1.883598
2.096052
2.302808
2.476190
2.646316
2.762718
2.870981
2.936101
2.966219
2.967033
2.920635
2.843305
2.735857
2.601546
2.425722
2.226292
2.030932
1.804640
1.570207
1.332519
1.109483
0.884819
0.686203
0.505494
0.345136
0.205942
0.109890
0.030932
0.004884
0.007326
0.041514
0.109890
0.227920
0.359788
0.529914
0.714693
0.922263
1.136345
1.371591
1.596255
1.829874
2.061050
2.262922
2.449328
2.608872
2.751323
2.857957
2.922263
2.962149
2.966219
2.927147
2.858771
2.752136
2.621896
2.460724
2.263736
2.070004
1.850224
1.620675
1.382173
1.161579
0.939357
0.726903
0.542125
0.371184
0.232804
0.122100
0.042328
0.003256
0.027676
0.032560
0.096052
0.201058
0.334554
0.490842
0.673993
0.880749
1.095645
1.328449
1.554741
1.780220
1.998372
2.214896
2.408628
2.583638
2.721205
2.831908
2.911681
2.962149
2.965405
2.935287
2.873423
2.778999
2.652828
2.495726
2.315018
2.109076
1.897436
1.659747
1.435083
1.199837
0.979243
0.766789
0.582011
0.401302
0.253968
0.142450
0.056166
0.020350
0.004070
0.016280
0.088726
0.173382
0.294668
0.449328
0.634107
0.831095
1.053317
1.279609
1.514041
1.739520
1.964184
2.174196
2.368742
2.538868
2.695156
2.818885
2.895401
2.953195
2.962963
2.952381
2.899471
2.803419
2.688644
2.530728
2.356532
2.148148
1.938950
1.713472
1.488807
1.251933
1.029711
0.818885
0.608873
0.438746
0.279202
0.164428
0.070004
0.020350
0.002442
0.017094
0.074074
0.148962
0.280016
0.426536
0.595849
0.791209
1.001221
1.228327
1.450549
1.685796
1.913716
2.135124
2.338624
2.512820
2.660968
2.786325
2.883191
2.949125
2.949125
2.995523
2.909239
2.828653
2.711437
2.567358
2.385836
2.199430
1.990232
1.767196
1.530321
1.305657
1.068783
0.860399
0.647945
0.477818
0.309320
0.189662
0.091982
0.030118
0.004884
0.002442
0.059422
0.135938
0.249084
0.389092
0.558405
0.752137
0.963777
1.186813
1.404965
1.652421
1.871388
2.087912
2.292226
2.469678
2.634106
2.767602
2.870981
2.934473
2.962149
2.963777
2.922263
2.842491
2.738298
2.590964
2.429792
2.241758
2.028490
1.806268
1.580789
1.346357
1.124135
0.897843
0.700041
0.504680
0.349206
0.214082
0.112332
0.042328
0.004070
0.004884
0.038258
0.113960
0.214896
0.362230
0.519332
0.708181
0.910053
1.134717
1.370777
1.593813
1.829060
2.043956
2.252340
2.434676
2.605616
2.746439
2.848189
2.923077
2.962963
2.962963
2.938543
2.857957
2.756207
2.621896
2.463166
2.278388
2.076516
1.859992
1.634513
1.396825
1.157509
0.936915
0.741555
0.539683
0.374440
0.230362
0.126170
0.016280
0.004070
0.000000
0.031746
0.099308
0.201872
0.319902
0.490842
0.661783
0.871795
1.080993
1.317867
1.540903
1.776150
2.005698
2.214896
2.412698
2.573870
2.714692
2.831908
2.918193
2.965405
2.963777
2.937729
2.889703
2.779813
2.660968
2.503866
2.315018
2.121286
1.909646
1.674399
1.459503
1.214489
0.988197
0.780627
0.582825
0.412698
0.275946
0.150590
0.061050
0.018722
0.004070
0.017094
0.082214
0.168498
0.295482
0.451770
0.623525
0.816443
1.045177
1.267399
1.501017
1.724054
1.961742
2.176638
2.369556
2.541310
2.686203
2.808303
2.898657
2.949125
2.963777
2.952381
2.899471
2.805861
2.680504
2.529914
2.359788
2.162800
1.957672
1.717542
1.490435
1.255189
1.037037
0.816443
0.621897
0.445258
0.295482
0.170126
0.070818
0.017094
0.002442
0.017094
0.070004
0.152218
0.268620
0.410256
0.594221
0.776557
1.001221
1.226699
1.450549
1.686610
1.909646
2.124542
2.319902
2.504680
2.659340
2.790395
2.884819
2.947497
2.962963
2.954009
2.914937
2.840863
2.708180
2.568986
2.398860
2.213268
1.991860
1.779406
1.540903
1.306471
1.077737
0.851445
0.659341
0.478632
0.318274
0.188848
0.096866
0.030932
0.003256
0.006512
0.056980
0.135938
0.243386
0.385836
0.542938
0.738299
0.947497
1.173789
1.400081
1.633699
1.858364
2.080586
2.290598
2.464794
2.634106
2.765975
2.870981
2.936915
2.961335
2.966219
2.926333
2.845747
2.738298
2.607244
2.437932
2.252340
2.042328
1.820106
1.596255
1.360195
1.135531
0.910867
0.703297
0.516890
0.362230
0.214082
0.112332
0.043956
0.005698
0.004884
0.043956
0.110704
0.205128
0.346764
0.519332
0.691901
0.916565
1.120879
1.358567
1.581603
1.814408
2.030118
2.245014
2.437118
2.593406
2.743182
2.848189
2.922263
2.961335
2.962963
2.936101
2.870981
2.765975
2.638176
2.477818
2.293040
2.082214
1.882784
1.636955
1.409035
1.175417
0.962963
0.740741
0.558405
0.383394
0.240944
0.136752
0.055352
0.004070
0.004070
0.030932
0.094424
0.189662
0.319088
0.475376
0.647131
0.856329
1.080179
1.304029
1.538461
1.763940
1.989418
2.200244
2.382580
2.568986
2.713064
2.828653
2.912495
2.949125
2.962963
2.950753
2.883191
2.792836
2.657712
2.509564
2.330484
2.127798
1.910460
1.687423
1.449735
1.225885
1.004477
0.793651
0.596663
0.427350
0.268620
0.149776
0.070004
0.018722
0.004884
0.020350
0.070818
0.161986
0.286528
0.437932
0.611315
0.817257
1.028083
1.253561
1.489621
1.713472
1.935694
2.161172
2.356532
2.527472
2.687830
2.805047
2.897029
2.953195
2.962149
2.951567
2.902727
2.817256
2.684574
2.543752
2.370370
2.174196
1.962556
1.739520
1.506715
1.279609
1.047619
0.833537
0.626781
0.452584
0.303622
0.177452
0.086284
0.026048
0.004070
0.017908
0.057794
0.149776
0.260480
0.412698
0.582825
0.778999
0.975173
1.214489
1.437525
1.662189
1.897436
2.111518
2.319088
2.486772
2.660968
2.779813
2.884005
2.936101
2.959707
2.964591
2.911681
2.832723
2.718762
2.582010
2.411884
2.214896
2.002442
1.781034
1.557997
1.326821
1.090761
0.873423
0.674807
0.490028
0.333740
0.203500
0.097680
0.031746
0.004884
0.004884
0.048026
0.122100
0.227920
0.372812
0.542938
0.728531
0.936101
1.160765
1.399267
1.620675
1.855108
2.069190
2.277574
2.460724
2.625966
2.750509
2.859585
2.936101
2.962149
2.968661
2.923077
2.858771
2.752950
2.607244
2.450142
2.255596
2.053724
1.832316
1.595441
1.373219
1.148555
0.923077
0.715507
0.527472
0.360602
0.227106
0.113960
0.043142
0.007326
0.003256
0.030932
0.116402
0.212454
0.346764
0.507122
0.687831
0.891331
1.105413
1.340659
1.568579
1.806268
2.030118
2.226292
2.424094
2.594220
2.736670
2.849817
2.923891
2.966219
2.968661
2.939357
2.870167
2.764347
2.647944
2.477004
2.304436
2.096052
1.885226
1.648351
1.424501
1.187627
0.962963
0.753765
0.557590
0.388278
0.260480
0.138380
0.055352
0.002442
0.004884
0.030118
0.083842
0.191290
0.306878
0.466422
0.648759
0.844933
1.063899
1.291819
1.524623
1.750916
1.985348
2.187220
2.356532
2.559218
2.700040
2.818885
2.911681
2.951567
2.964591
2.948311
2.888075
2.792836
2.675620
2.516890
2.343508
2.146520
1.922670
1.702075
1.466829
1.240537
1.002035
0.792023
0.598291
0.399674
0.280830
0.161986
0.070818
0.016280
0.003256
0.018722
0.070818
0.162800
0.281644
0.437932
0.609687
0.802605
1.015873
1.251119
1.475783
1.709401
1.909646
2.122100
2.345950
2.516076
2.674806
2.792836
2.897843
2.950753
2.960521
2.951567
2.903541
2.818885
2.699226
2.555962
2.385022
2.187220
1.977208
1.741148
1.516483
1.278795
1.051689
0.845747
0.644689
0.465608
0.307692
0.179894
0.083842
0.020350
0.003256
0.008140
0.060236
0.135124
0.253968
0.399674
0.568987
0.753765
0.975987
1.188441
1.425315
1.661376
1.882784
2.106634
2.304436
2.489214
2.647130
2.778184
2.870981
2.937729
2.962149
2.963777
2.927961
2.832723
2.729344
2.582824
2.425722
2.228734
2.016280
1.804640
1.558811
1.313797
1.108669
0.885633
0.675621
0.503866
0.335368
0.201058
0.099308
0.030932
0.005698
0.004884
0.044770
0.123728
0.227920
0.361416
0.532357
0.715507
0.923891
1.148555
1.369149
1.609279
1.831502
2.055352
2.265364
2.447700
2.606430
2.753764
2.859585
2.923077
2.963777
2.962149
2.925519
2.857143
2.747252
2.621896
2.450956
2.277574
2.059422
1.842084
1.613349
1.384615
1.161579
0.935287
0.725275
0.533170
0.370370
0.228734
0.124542
0.045584
0.004070
0.003256
0.030932
0.097680
0.202686
0.332112
0.493284
0.673179
0.885633
1.100529
1.333333
1.557183
1.790802
1.998372
2.226292
2.411070
2.581196
2.724460
2.831908
2.912495
2.965405
2.963777
2.936101
2.872609
2.778184
2.648758
2.491656
2.307692
2.106634
1.886854
1.663003
1.426943
1.210419
0.975987
0.766789
0.568173
0.398860
0.254782
0.136752
0.056980
0.016280
0.005698
0.018722
0.084656
0.175010
0.308506
0.463980
0.634107
0.833537
1.054131
1.281237
1.515669
1.738706
1.962556
2.174196
2.371998
2.542124
2.700855
2.818885
2.897843
2.949939
2.962149
2.949939
2.896215
2.808303
2.687016
2.529100
2.356532
2.145706
1.939764
1.714285
1.489621
1.252747
1.028083
0.814815
0.609687
0.437932
0.279202
0.164428
0.070004
0.016280
0.004070
0.014652
0.068376
0.147334
0.278388
0.426536
0.596663
0.792023
1.001221
1.227513
1.449735
1.684981
1.912902
2.135124
2.330484
2.512820
2.660154
2.793651
2.883191
2.962963
2.964591
2.951567
2.911681
2.830281
2.714692
2.568172
2.385836
2.200244
1.987790
1.766382
1.531135
1.304843
1.072039
0.857143
0.650387
0.478632
0.315832
0.191290
0.097680
0.031746
0.004884
0.006512
0.056166
0.137566
0.240944
0.385836
0.556777
0.743997
0.963777
1.181115
1.409035
1.635327
1.869760
2.083028
2.291412
2.475376
2.633292
2.765975
2.872609
2.936101
2.962963
2.967847
2.923891
2.845747
2.738298
2.597476
2.437932
2.240130
2.028490
1.811152
1.582417
1.347985
1.120879
0.914123
0.700855
0.519332
0.347578
0.216524
0.110704
0.043142
0.005698
